0 info it worked if it ends with ok
1 verbose cli [ 'node', '/usr/local/bin/npm', 'install' ]
2 info using npm@1.4.28
3 info using node@v0.10.32
4 error install Couldn't read dependencies
<<<<<<< HEAD
5 error package.json ENOENT, open '/Users/kirkdaniels/Sites/KD/kdee.co.za/website/6_root/package.json'
5 error package.json This is most likely not a problem with npm itself.
5 error package.json npm can't find a package.json file in your current directory.
6 error System Darwin 14.1.0
7 error command "node" "/usr/local/bin/npm" "install"
8 error cwd /Users/kirkdaniels/Sites/KD/kdee.co.za/website/6_root
9 error node -v v0.10.32
10 error npm -v 1.4.28
11 error path /Users/kirkdaniels/Sites/KD/kdee.co.za/website/6_root/package.json
=======
5 error package.json ENOENT, open '/Users/tkj/Sites/kdee.co.za/6_root/package.json'
5 error package.json This is most likely not a problem with npm itself.
5 error package.json npm can't find a package.json file in your current directory.
6 error System Darwin 11.4.2
7 error command "node" "/usr/local/bin/npm" "install"
8 error cwd /Users/tkj/Sites/kdee.co.za/6_root
9 error node -v v0.10.32
10 error npm -v 1.4.28
11 error path /Users/tkj/Sites/kdee.co.za/6_root/package.json
>>>>>>> 87e53843e91e48c3f9ad532a28ec59a319e33ada
12 error code ENOPACKAGEJSON
13 error errno 34
14 verbose exit [ 34, true ]
